<?xml version="1.0" encoding="UTF-8"?>
<Site BuildName="Linux-g++"
	BuildStamp="20240401-0500-Experimental"
	Name="default-DPX-M270"
	Generator="ctest-3.16.3"
	CompilerName="/usr/bin/g++"
	CompilerVersion="9.3.0"
	OSName="Linux"
	Hostname="default-DPX-M270"
	OSRelease="5.14.0-1011-oem"
	OSVersion="#11-Ubuntu SMP Mon Dec 13 18:01:14 UTC 2021"
	OSPlatform="x86_64"
	Is64Bits="1"
	VendorString="GenuineIntel"
	VendorID="Intel Corporation"
	FamilyID="6"
	ModelID="158"
	ProcessorCacheSize="4096"
	NumberOfLogicalCPU="4"
	NumberOfPhysicalCPU="2"
	TotalVirtualMemory="0"
	TotalPhysicalMemory="31962"
	LogicalProcessorsPerPhysical="2"
	ProcessorClockFrequency="3100"
	>
	<Testing>
		<StartDateTime>Apr 01 08:00 EEST</StartDateTime>
		<StartTestTime>1711947621</StartTestTime>
		<TestList/>
		<EndDateTime>Apr 01 08:00 EEST</EndDateTime>
		<EndTestTime>1711947621</EndTestTime>
		<ElapsedMinutes>0</ElapsedMinutes>
	</Testing>
</Site>
